<?xml version="1.0" encoding="UTF-8"?>
<testsuite xmlns:xsi="http://www.w3.org/2001/XMLSchema-instance" xsi:noNamespaceSchemaLocation="https://maven.apache.org/surefire/maven-surefire-plugin/xsd/surefire-test-report.xsd" version="3.0.2" name="io.github.victobonetti.quarkus.anki4j.it.ConfigTest" time="0.509" tests="1" errors="0" skipped="0" failures="0">
  <properties>
[...]
</properties>
  <testcase name="testSystemPropertyIsSet" classname="io.github.victobonetti.quarkus.anki4j.it.ConfigTest" time="0.19">
    <system-out><![CDATA[2026-02-03 21:59:00,223 WARN  [io.quarkus.config] (main) Unrecognized configuration key "quarkus.anki4j.max-pkg-size-kb" was provided; it will be ignored; verify that the dependency extension for this configuration is set or that you did not make a typo
2026-02-03 21:59:00,359 INFO  [io.quarkus] (main) quarkus-anki4j-integration-tests 1.0.0-SNAPSHOT on JVM (powered by Quarkus 3.30.8) started in 1.888s. Listening on: http://localhost:8081
2026-02-03 21:59:00,360 INFO  [io.quarkus] (main) Profile test activated. 
2026-02-03 21:59:00,360 INFO  [io.quarkus] (main) Installed features: [cdi, quarkus-anki4j, rest, smallrye-context-propagation, vertx]
]]></system-out>
  </testcase>
</testsuite>