<?xml version="1.0" encoding="UTF-8"?>
<testsuite xmlns:xsi="http://www.w3.org/2001/XMLSchema-instance" xsi:noNamespaceSchemaLocation="https://maven.apache.org/surefire/maven-surefire-plugin/xsd/surefire-test-report.xsd" version="3.0.2" name="io.github.victobonetti.quarkus.anki4j.test.QuarkusAnki4jTest" time="1.728" tests="1" errors="0" skipped="0" failures="0">
  <properties>
[...]
</properties>
  <testcase name="writeYourOwnUnitTest" classname="io.github.victobonetti.quarkus.anki4j.test.QuarkusAnki4jTest" time="0.008">
    <system-out><![CDATA[&amp#27;[90mDownloading from &amp#27;[0mcentral&amp#27;[90m: https://repo.maven.apache.org/maven2/&amp#27;[0mio/quarkus/quarkus-bom-quarkus-platform-properties/3.30.8/quarkus-bom-quarkus-platform-properties-3.30.8.properties
Progress (1): quarkus-bom-quarkus-platform-properties-3.30.8.properties (45 B)                                                                              Downloaded&amp#27;[90m from &amp#27;[0mcentral&amp#27;[90m: https://repo.maven.apache.org/maven2/&amp#27;[0mio/quarkus/quarkus-bom-quarkus-platform-properties/3.30.8/quarkus-bom-quarkus-platform-properties-3.30.8.properties&amp#27;[90m (45 B at 290 B/s)&amp#27;[0m
2026-01-25 20:47:53,714 INFO  [io.quarkus] (main) quarkus-anki4j-deployment 1.0.0-SNAPSHOT on JVM (powered by Quarkus 3.30.8) started in 0.075s. 
2026-01-25 20:47:53,714 INFO  [io.quarkus] (main) Profile test activated. 
2026-01-25 20:47:53,714 INFO  [io.quarkus] (main) Installed features: [cdi, quarkus-anki4j]
]]></system-out>
    <system-err><![CDATA[SLF4J(W): Class path contains multiple SLF4J providers.
SLF4J(W): Found provider [org.slf4j.simple.SimpleServiceProvider@46f699d5]
SLF4J(W): Found provider [org.slf4j.impl.JBossSlf4jServiceProvider@18518ccf]
SLF4J(W): See https://www.slf4j.org/codes.html#multiple_bindings for an explanation.
SLF4J(I): Actual provider is of type [org.slf4j.simple.SimpleServiceProvider@46f699d5]
]]></system-err>
  </testcase>
</testsuite>